<?xml version="1.0" encoding="UTF-8"?>
<testng-results skipped="1" failed="0" ignored="0" total="1" passed="0">
  <reporter-output>
  </reporter-output>
  <suite name="Suite" duration-ms="48" started-at="2017-08-24T21:57:47Z" finished-at="2017-08-24T21:57:48Z">
    <groups>
      <group name="REG">
        <method signature="SampleTestScript.openURL()[pri:0, instance:com.ondot.testng.SampleTestScript@59494225]" name="openURL" class="com.ondot.testng.SampleTestScript"/>
      </group> <!-- REG -->
    </groups>
    <test name="Test" duration-ms="48" started-at="2017-08-24T21:57:47Z" finished-at="2017-08-24T21:57:48Z">
      <class name="com.ondot.testng.SampleTestScript">
        <test-method status="FAIL" signature="openBrowser(java.lang.String)[pri:0, instance:com.ondot.testng.SampleTestScript@59494225]" name="openBrowser" is-config="true" duration-ms="22" started-at="2017-08-24T18:57:47Z" finished-at="2017-08-24T18:57:48Z">
          <params>
            <param index="0">
              <value>
                <![CDATA[safari]]>
              </value>
            </param>
          </params>
          <exception class="org.openqa.selenium.WebDriverException">
            <message>
              <![CDATA[SafariDriver requires Safari 10 running on OSX El Capitan or greater.
Build info: version: '3.4.0', revision: 'unknown', time: 'unknown'
System info: host: 'NI-NTB-053', ip: '192.168.56.1', os.name: 'Windows 7', os.arch: 'amd64', os.version: '6.1', java.version: '1.8.0_131'
Driver info: driver.version: SafariDriver]]>
            </message>
            <full-stacktrace>
              <![CDATA[org.openqa.selenium.WebDriverException: SafariDriver requires Safari 10 running on OSX El Capitan or greater.
Build info: version: '3.4.0', revision: 'unknown', time: 'unknown'
System info: host: 'NI-NTB-053', ip: '192.168.56.1', os.name: 'Windows 7', os.arch: 'amd64', os.version: '6.1', java.version: '1.8.0_131'
Driver info: driver.version: SafariDriver
	at org.openqa.selenium.safari.SafariDriver.getExecutor(SafariDriver.java:66)
	at org.openqa.selenium.safari.SafariDriver.<init>(SafariDriver.java:60)
	at org.openqa.selenium.safari.SafariDriver.<init>(SafariDriver.java:40)
	at com.ondot.common.BaseClass.openBrowser(BaseClass.java:31)
	at sun.reflect.NativeMethodAccessorImpl.invoke0(Native Method)
	at sun.reflect.NativeMethodAccessorImpl.invoke(NativeMethodAccessorImpl.java:62)
	at sun.reflect.DelegatingMethodAccessorImpl.invoke(DelegatingMethodAccessorImpl.java:43)
	at java.lang.reflect.Method.invoke(Method.java:498)
	at org.testng.internal.MethodInvocationHelper.invokeMethod(MethodInvocationHelper.java:108)
	at org.testng.internal.Invoker.invokeConfigurationMethod(Invoker.java:523)
	at org.testng.internal.Invoker.invokeConfigurations(Invoker.java:224)
	at org.testng.internal.Invoker.invokeConfigurations(Invoker.java:146)
	at org.testng.internal.TestMethodWorker.invokeBeforeClassMethods(TestMethodWorker.java:166)
	at org.testng.internal.TestMethodWorker.run(TestMethodWorker.java:105)
	at org.testng.TestRunner.privateRun(TestRunner.java:744)
	at org.testng.TestRunner.run(TestRunner.java:602)
	at org.testng.SuiteRunner.runTest(SuiteRunner.java:380)
	at org.testng.SuiteRunner.access$000(SuiteRunner.java:39)
	at org.testng.SuiteRunner$SuiteWorker.run(SuiteRunner.java:414)
	at org.testng.internal.thread.ThreadUtil$1.call(ThreadUtil.java:52)
	at java.util.concurrent.FutureTask.run(FutureTask.java:266)
	at java.util.concurrent.ThreadPoolExecutor.runWorker(ThreadPoolExecutor.java:1142)
	at java.util.concurrent.ThreadPoolExecutor$Worker.run(ThreadPoolExecutor.java:617)
	at java.lang.Thread.run(Thread.java:748)
]]>
            </full-stacktrace>
          </exception> <!-- org.openqa.selenium.WebDriverException -->
          <reporter-output>
          </reporter-output>
        </test-method> <!-- openBrowser -->
        <test-method status="SKIP" signature="openURL()[pri:0, instance:com.ondot.testng.SampleTestScript@59494225]" name="openURL" duration-ms="0" started-at="2017-08-24T18:57:48Z" finished-at="2017-08-24T18:57:48Z">
          <exception class="org.openqa.selenium.WebDriverException">
            <message>
              <![CDATA[SafariDriver requires Safari 10 running on OSX El Capitan or greater.
Build info: version: '3.4.0', revision: 'unknown', time: 'unknown'
System info: host: 'NI-NTB-053', ip: '192.168.56.1', os.name: 'Windows 7', os.arch: 'amd64', os.version: '6.1', java.version: '1.8.0_131'
Driver info: driver.version: SafariDriver]]>
            </message>
            <full-stacktrace>
              <![CDATA[org.openqa.selenium.WebDriverException: SafariDriver requires Safari 10 running on OSX El Capitan or greater.
Build info: version: '3.4.0', revision: 'unknown', time: 'unknown'
System info: host: 'NI-NTB-053', ip: '192.168.56.1', os.name: 'Windows 7', os.arch: 'amd64', os.version: '6.1', java.version: '1.8.0_131'
Driver info: driver.version: SafariDriver
	at org.openqa.selenium.safari.SafariDriver.getExecutor(SafariDriver.java:66)
	at org.openqa.selenium.safari.SafariDriver.<init>(SafariDriver.java:60)
	at org.openqa.selenium.safari.SafariDriver.<init>(SafariDriver.java:40)
	at com.ondot.common.BaseClass.openBrowser(BaseClass.java:31)
	at sun.reflect.NativeMethodAccessorImpl.invoke0(Native Method)
	at sun.reflect.NativeMethodAccessorImpl.invoke(NativeMethodAccessorImpl.java:62)
	at sun.reflect.DelegatingMethodAccessorImpl.invoke(DelegatingMethodAccessorImpl.java:43)
	at java.lang.reflect.Method.invoke(Method.java:498)
	at org.testng.internal.MethodInvocationHelper.invokeMethod(MethodInvocationHelper.java:108)
	at org.testng.internal.Invoker.invokeConfigurationMethod(Invoker.java:523)
	at org.testng.internal.Invoker.invokeConfigurations(Invoker.java:224)
	at org.testng.internal.Invoker.invokeConfigurations(Invoker.java:146)
	at org.testng.internal.TestMethodWorker.invokeBeforeClassMethods(TestMethodWorker.java:166)
	at org.testng.internal.TestMethodWorker.run(TestMethodWorker.java:105)
	at org.testng.TestRunner.privateRun(TestRunner.java:744)
	at org.testng.TestRunner.run(TestRunner.java:602)
	at org.testng.SuiteRunner.runTest(SuiteRunner.java:380)
	at org.testng.SuiteRunner.access$000(SuiteRunner.java:39)
	at org.testng.SuiteRunner$SuiteWorker.run(SuiteRunner.java:414)
	at org.testng.internal.thread.ThreadUtil$1.call(ThreadUtil.java:52)
	at java.util.concurrent.FutureTask.run(FutureTask.java:266)
	at java.util.concurrent.ThreadPoolExecutor.runWorker(ThreadPoolExecutor.java:1142)
	at java.util.concurrent.ThreadPoolExecutor$Worker.run(ThreadPoolExecutor.java:617)
	at java.lang.Thread.run(Thread.java:748)
]]>
            </full-stacktrace>
          </exception> <!-- org.openqa.selenium.WebDriverException -->
          <reporter-output>
          </reporter-output>
        </test-method> <!-- openURL -->
        <test-method status="SKIP" signature="closeBrowser()[pri:0, instance:com.ondot.testng.SampleTestScript@59494225]" name="closeBrowser" is-config="true" duration-ms="0" started-at="2017-08-24T18:57:48Z" finished-at="2017-08-24T18:57:48Z">
          <reporter-output>
          </reporter-output>
        </test-method> <!-- closeBrowser -->
      </class> <!-- com.ondot.testng.SampleTestScript -->
    </test> <!-- Test -->
  </suite> <!-- Suite -->
</testng-results>
